# JRE version: OpenJDK Runtime Environment (8.0_152-b01) (build 1.8.0_152-release-1248-b01)
# Java VM: OpenJDK 64-Bit Server VM (25.152-b01 mixed mode bsd-amd64 compressed oops)
Heap:
 PSYoungGen      total 462336K, used 226112K [0x00000007a0000000, 0x00000007c0000000, 0x00000007c0000000)
  eden space 423936K, 44% used [0x00000007a0000000,0x00000007ab774800,0x00000007b9e00000)
  from space 38400K, 99% used [0x00000007b9e00000,0x00000007bc35b800,0x00000007bc380000)
  to   space 53248K, 0% used [0x00000007bcc00000,0x00000007bcc00000,0x00000007c0000000)
 ParOldGen       total 178688K, used 109737K [0x0000000760000000, 0x000000076ae80000, 0x00000007a0000000)
  object space 178688K, 61% used [0x0000000760000000,0x0000000766b2a790,0x000000076ae80000)
 Metaspace       used 103913K, capacity 110856K, committed 110896K, reserved 1146880K
  class space    used 12818K, capacity 14124K, committed 14128K, reserved 1048576K
GC Heap History (10 events):
Event: 17067.492 GC heap before
{Heap before GC invocations=47 (full 4):
 PSYoungGen      total 467968K, used 465179K [0x00000007a0000000, 0x00000007c0000000, 0x00000007c0000000)
  eden space 433152K, 100% used [0x00000007a0000000,0x00000007ba700000,0x00000007ba700000)
  from space 34816K, 91% used [0x00000007bde00000,0x00000007bfd46f80,0x00000007c0000000)
  to   space 45568K, 0% used [0x00000007ba700000,0x00000007ba700000,0x00000007bd380000)
 ParOldGen       total 178688K, used 109569K [0x0000000760000000, 0x000000076ae80000, 0x00000007a0000000)
  object space 178688K, 61% used [0x0000000760000000,0x0000000766b00790,0x000000076ae80000)
 Metaspace       used 102811K, capacity 109436K, committed 109488K, reserved 1144832K
  class space    used 12741K, capacity 14000K, committed 14000K, reserved 1048576K
Event: 17067.699 GC heap after
Heap after GC invocations=47 (full 4):
 PSYoungGen      total 462848K, used 29346K [0x00000007a0000000, 0x00000007c0000000, 0x00000007c0000000)
  eden space 433152K, 0% used [0x00000007a0000000,0x00000007a0000000,0x00000007ba700000)
  from space 29696K, 98% used [0x00000007ba700000,0x00000007bc3a8b48,0x00000007bc400000)
  to   space 47104K, 0% used [0x00000007bd200000,0x00000007bd200000,0x00000007c0000000)
 ParOldGen       total 178688K, used 109713K [0x0000000760000000, 0x000000076ae80000, 0x00000007a0000000)
  object space 178688K, 61% used [0x0000000760000000,0x0000000766b24790,0x000000076ae80000)
 Metaspace       used 102811K, capacity 109436K, committed 109488K, reserved 1144832K
  class space    used 12741K, capacity 14000K, committed 14000K, reserved 1048576K
}
Event: 17336.386 GC heap before
{Heap before GC invocations=48 (full 4):
 PSYoungGen      total 462848K, used 462498K [0x00000007a0000000, 0x00000007c0000000, 0x00000007c0000000)
  eden space 433152K, 100% used [0x00000007a0000000,0x00000007ba700000,0x00000007ba700000)
  from space 29696K, 98% used [0x00000007ba700000,0x00000007bc3a8b48,0x00000007bc400000)
  to   space 47104K, 0% used [0x00000007bd200000,0x00000007bd200000,0x00000007c0000000)
 ParOldGen       total 178688K, used 109713K [0x0000000760000000, 0x000000076ae80000, 0x00000007a0000000)
  object space 178688K, 61% used [0x0000000760000000,0x0000000766b24790,0x000000076ae80000)
 Metaspace       used 102983K, capacity 109684K, committed 109872K, reserved 1144832K
  class space    used 12751K, capacity 14018K, committed 14128K, reserved 1048576K
Event: 17336.612 GC heap after
Heap after GC invocations=48 (full 4):
 PSYoungGen      total 472064K, used 33850K [0x00000007a0000000, 0x00000007c0000000, 0x00000007c0000000)
  eden space 424960K, 0% used [0x00000007a0000000,0x00000007a0000000,0x00000007b9f00000)
  from space 47104K, 71% used [0x00000007bd200000,0x00000007bf30e978,0x00000007c0000000)
  to   space 49664K, 0% used [0x00000007b9f00000,0x00000007b9f00000,0x00000007bcf80000)
 ParOldGen       total 178688K, used 109713K [0x0000000760000000, 0x000000076ae80000, 0x00000007a0000000)
  object space 178688K, 61% used [0x0000000760000000,0x0000000766b24790,0x000000076ae80000)
 Metaspace       used 102983K, capacity 109684K, committed 109872K, reserved 1144832K
  class space    used 12751K, capacity 14018K, committed 14128K, reserved 1048576K
}
Event: 17758.831 GC heap before
{Heap before GC invocations=49 (full 4):
 PSYoungGen      total 472064K, used 458810K [0x00000007a0000000, 0x00000007c0000000, 0x00000007c0000000)
  eden space 424960K, 100% used [0x00000007a0000000,0x00000007b9f00000,0x00000007b9f00000)
  from space 47104K, 71% used [0x00000007bd200000,0x00000007bf30e978,0x00000007c0000000)
  to   space 49664K, 0% used [0x00000007b9f00000,0x00000007b9f00000,0x00000007bcf80000)
 ParOldGen       total 178688K, used 109713K [0x0000000760000000, 0x000000076ae80000, 0x00000007a0000000)
  object space 178688K, 61% used [0x0000000760000000,0x0000000766b24790,0x000000076ae80000)
 Metaspace       used 103338K, capacity 110134K, committed 110384K, reserved 1144832K
  class space    used 12766K, capacity 14034K, committed 14128K, reserved 1048576K
Event: 17759.011 GC heap after
Heap after GC invocations=49 (full 4):
 PSYoungGen      total 474624K, used 27555K [0x00000007a0000000, 0x00000007c0000000, 0x00000007c0000000)
  eden space 424960K, 0% used [0x00000007a0000000,0x00000007a0000000,0x00000007b9f00000)
  from space 49664K, 55% used [0x00000007b9f00000,0x00000007bb9e8c08,0x00000007bcf80000)
  to   space 49152K, 0% used [0x00000007bd000000,0x00000007bd000000,0x00000007c0000000)
 ParOldGen       total 178688K, used 109721K [0x0000000760000000, 0x000000076ae80000, 0x00000007a0000000)
  object space 178688K, 61% used [0x0000000760000000,0x0000000766b26790,0x000000076ae80000)
 Metaspace       used 103338K, capacity 110134K, committed 110384K, reserved 1144832K
  class space    used 12766K, capacity 14034K, committed 14128K, reserved 1048576K
}
Event: 18463.589 GC heap before
{Heap before GC invocations=50 (full 4):
 PSYoungGen      total 474624K, used 452515K [0x00000007a0000000, 0x00000007c0000000, 0x00000007c0000000)
  eden space 424960K, 100% used [0x00000007a0000000,0x00000007b9f00000,0x00000007b9f00000)
  from space 49664K, 55% used [0x00000007b9f00000,0x00000007bb9e8c08,0x00000007bcf80000)
  to   space 49152K, 0% used [0x00000007bd000000,0x00000007bd000000,0x00000007c0000000)
 ParOldGen       total 178688K, used 109721K [0x0000000760000000, 0x000000076ae80000, 0x00000007a0000000)
  object space 178688K, 61% used [0x0000000760000000,0x0000000766b26790,0x000000076ae80000)
 Metaspace       used 103509K, capacity 110338K, committed 110640K, reserved 1146880K
  class space    used 12769K, capacity 14034K, committed 14128K, reserved 1048576K
Event: 18463.650 GC heap after
Heap after GC invocations=50 (full 4):
 PSYoungGen      total 473088K, used 32102K [0x00000007a0000000, 0x00000007c0000000, 0x00000007c0000000)
  eden space 423936K, 0% used [0x00000007a0000000,0x00000007a0000000,0x00000007b9e00000)
  from space 49152K, 65% used [0x00000007bd000000,0x00000007bef59a70,0x00000007c0000000)
  to   space 50176K, 0% used [0x00000007b9e00000,0x00000007b9e00000,0x00000007bcf00000)
 ParOldGen       total 178688K, used 109729K [0x0000000760000000, 0x000000076ae80000, 0x00000007a0000000)
  object space 178688K, 61% used [0x0000000760000000,0x0000000766b28790,0x000000076ae80000)
 Metaspace       used 103509K, capacity 110338K, committed 110640K, reserved 1146880K
  class space    used 12769K, capacity 14034K, committed 14128K, reserved 1048576K
}
Event: 18661.383 GC heap before
{Heap before GC invocations=51 (full 4):
 PSYoungGen      total 473088K, used 456038K [0x00000007a0000000, 0x00000007c0000000, 0x00000007c0000000)
  eden space 423936K, 100% used [0x00000007a0000000,0x00000007b9e00000,0x00000007b9e00000)
  from space 49152K, 65% used [0x00000007bd000000,0x00000007bef59a70,0x00000007c0000000)
  to   space 50176K, 0% used [0x00000007b9e00000,0x00000007b9e00000,0x00000007bcf00000)
 ParOldGen       total 178688K, used 109729K [0x0000000760000000, 0x000000076ae80000, 0x00000007a0000000)
  object space 178688K, 61% used [0x0000000760000000,0x0000000766b28790,0x000000076ae80000)
 Metaspace       used 103716K, capacity 110576K, committed 110896K, reserved 1146880K
  class space    used 12786K, capacity 14063K, committed 14128K, reserved 1048576K
Event: 18661.463 GC heap after
Heap after GC invocations=51 (full 4):
 PSYoungGen      total 462336K, used 38254K [0x00000007a0000000, 0x00000007c0000000, 0x00000007c0000000)
  eden space 423936K, 0% used [0x00000007a0000000,0x00000007a0000000,0x00000007b9e00000)
  from space 38400K, 99% used [0x00000007b9e00000,0x00000007bc35b800,0x00000007bc380000)
  to   space 53248K, 0% used [0x00000007bcc00000,0x00000007bcc00000,0x00000007c0000000)
 ParOldGen       total 178688K, used 109737K [0x0000000760000000, 0x000000076ae80000, 0x00000007a0000000)
  object space 178688K, 61% used [0x0000000760000000,0x0000000766b2a790,0x000000076ae80000)
 Metaspace       used 103716K, capacity 110576K, committed 110896K, reserved 1146880K
  class space    used 12786K, capacity 14063K, committed 14128K, reserved 1048576K
}

